0 verbose cli /usr/bin/node /usr/bin/npm
1 info using npm@8.19.2
2 info using node@v16.18.1
3 timing npm:load:whichnode Completed in 0ms
4 timing config:load:defaults Completed in 11ms
5 timing config:load:file:/usr/lib/node_modules/npm/npmrc Completed in 2ms
6 timing config:load:builtin Completed in 3ms
7 timing config:load:cli Completed in 4ms
8 timing config:load:env Completed in 2ms
9 timing config:load:project Completed in 18ms
10 timing config:load:file:/var/www/html/.npmrc Completed in 0ms
11 timing config:load:user Completed in 0ms
12 timing config:load:file:/usr/etc/npmrc Completed in 0ms
13 timing config:load:global Completed in 1ms
14 timing config:load:validate Completed in 2ms
15 timing config:load:credentials Completed in 2ms
16 timing config:load:setEnvs Completed in 2ms
17 timing config:load Completed in 47ms
18 timing npm:load:configload Completed in 47ms
19 timing npm:load:mkdirpcache Completed in 4ms
20 timing npm:load:mkdirplogs Completed in 2ms
21 verbose title npm run development
22 verbose argv "run" "development"
23 timing npm:load:setTitle Completed in 3ms
24 timing config:load:flatten Completed in 7ms
25 timing npm:load:display Completed in 12ms
26 verbose logfile logs-max:10 dir:/var/www/html/.npm/_logs
27 verbose logfile /var/www/html/.npm/_logs/2023-05-24T13_42_27_810Z-debug-0.log
28 timing npm:load:logFile Completed in 16ms
29 timing npm:load:timers Completed in 0ms
30 timing npm:load:configScope Completed in 1ms
31 timing npm:load Completed in 88ms
32 silly logfile done cleaning log files
33 timing command:run Completed in 22116ms
34 verbose exit 0
35 timing npm Completed in 22223ms
36 info ok
